0 info it worked if it ends with ok
1 verbose cli [ 'C:\\Program Files (x86)\\nodejs\\\\node.exe',
1 verbose cli   'C:\\Program Files (x86)\\nodejs\\node_modules\\npm\\bin\\npm-cli.js',
1 verbose cli   'start' ]
2 info using npm@2.11.2
3 info using node@v0.12.6
4 verbose config Skipping project config: C:\Users\Anthony/.npmrc. (matches userconfig)
5 verbose stack Error: ENOENT, open 'C:\Users\Anthony\package.json'
5 verbose stack     at Error (native)
6 verbose cwd C:\Users\Anthony\Documents\GitHub\Angular
7 error Windows_NT 6.3.9600
8 error argv "C:\\Program Files (x86)\\nodejs\\\\node.exe" "C:\\Program Files (x86)\\nodejs\\node_modules\\npm\\bin\\npm-cli.js" "start"
9 error node v0.12.6
10 error npm  v2.11.2
11 error path C:\Users\Anthony\package.json
12 error code ENOENT
13 error errno -4058
14 error enoent ENOENT, open 'C:\Users\Anthony\package.json'
14 error enoent This is most likely not a problem with npm itself
14 error enoent and is related to npm not being able to find a file.
15 verbose exit [ -4058, true ]
